<?xml version="1.0" encoding="UTF-8"?>
<!-- Generated by org.testng.reporters.JUnitReportReporter -->
<testsuite hostname="Rishu-Mehrotras-MacBook-Pro.local" name="sampleCI.HelloTest" tests="1" failures="0" timestamp="8 Apr 2016 19:38:40 GMT" time="0.023" errors="0">
  <testcase name="sayHello" time="0.023" classname="sampleCI.HelloTest"/>
</testsuite> <!-- sampleCI.HelloTest -->
