<?xml version="1.0" encoding="UTF-8"?>
<!-- Generated by org.testng.reporters.JUnitReportReporter -->
<testsuite hostname="Rishu-Mehrotras-MacBook-Pro.local" name="sampleCI.HelloTest" tests="1" failures="0" timestamp="12 Apr 2016 07:48:45 GMT" time="0.017" errors="0">
  <testcase name="sayHello" time="0.017" classname="sampleCI.HelloTest"/>
</testsuite> <!-- sampleCI.HelloTest -->
